# JRE version: Java(TM) SE Runtime Environment (7.0_60-b19) (build 1.7.0_60-b19)
# Java VM: Java HotSpot(TM) Client VM (24.60-b09 mixed mode, sharing windows-x86 )
Heap
 def new generation   total 4928K, used 1147K [0x22c00000, 0x23150000, 0x28150000)
  eden space 4416K,  16% used [0x22c00000, 0x22cb6328, 0x23050000)
  from space 512K,  81% used [0x230d0000, 0x23138af0, 0x23150000)
  to   space 512K,   0% used [0x23050000, 0x23050000, 0x230d0000)
 tenured generation   total 10944K, used 2167K [0x28150000, 0x28c00000, 0x32c00000)
   the space 10944K,  19% used [0x28150000, 0x2836df08, 0x2836e000, 0x28c00000)
 compacting perm gen  total 12288K, used 2133K [0x32c00000, 0x33800000, 0x36c00000)
   the space 12288K,  17% used [0x32c00000, 0x32e15628, 0x32e15800, 0x33800000)
    ro space 10240K,  42% used [0x36c00000, 0x37034778, 0x37034800, 0x37600000)
    rw space 12288K,  52% used [0x37600000, 0x37c49a68, 0x37c49c00, 0x38200000)
GC Heap History (6 events):
Event: 0.655 GC heap before
{Heap before GC invocations=0 (full 0):
 def new generation   total 4928K, used 4416K [0x22c00000, 0x23150000, 0x28150000)
  eden space 4416K, 100% used [0x22c00000, 0x23050000, 0x23050000)
  from space 512K,   0% used [0x23050000, 0x23050000, 0x230d0000)
  to   space 512K,   0% used [0x230d0000, 0x230d0000, 0x23150000)
 tenured generation   total 10944K, used 0K [0x28150000, 0x28c00000, 0x32c00000)
   the space 10944K,   0% used [0x28150000, 0x28150000, 0x28150200, 0x28c00000)
 compacting perm gen  total 12288K, used 1137K [0x32c00000, 0x33800000, 0x36c00000)
   the space 12288K,   9% used [0x32c00000, 0x32d1c668, 0x32d1c800, 0x33800000)
    ro space 10240K,  42% used [0x36c00000, 0x37034778, 0x37034800, 0x37600000)
    rw space 12288K,  52% used [0x37600000, 0x37c49a68, 0x37c49c00, 0x38200000)
Event: 0.660 GC heap after
Heap after GC invocations=1 (full 0):
 def new generation   total 4928K, used 512K [0x22c00000, 0x23150000, 0x28150000)
  eden space 4416K,   0% used [0x22c00000, 0x22c00000, 0x23050000)
  from space 512K, 100% used [0x230d0000, 0x23150000, 0x23150000)
  to   space 512K,   0% used [0x23050000, 0x23050000, 0x230d0000)
 tenured generation   total 10944K, used 570K [0x28150000, 0x28c00000, 0x32c00000)
   the space 10944K,   5% used [0x28150000, 0x281de868, 0x281dea00, 0x28c00000)
 compacting perm gen  total 12288K, used 1137K [0x32c00000, 0x33800000, 0x36c00000)
   the space 12288K,   9% used [0x32c00000, 0x32d1c668, 0x32d1c800, 0x33800000)
    ro space 10240K,  42% used [0x36c00000, 0x37034778, 0x37034800, 0x37600000)
    rw space 12288K,  52% used [0x37600000, 0x37c49a68, 0x37c49c00, 0x38200000)
}
Event: 0.944 GC heap before
{Heap before GC invocations=1 (full 0):
 def new generation   total 4928K, used 4928K [0x22c00000, 0x23150000, 0x28150000)
  eden space 4416K, 100% used [0x22c00000, 0x23050000, 0x23050000)
  from space 512K, 100% used [0x230d0000, 0x23150000, 0x23150000)
  to   space 512K,   0% used [0x23050000, 0x23050000, 0x230d0000)
 tenured generation   total 10944K, used 570K [0x28150000, 0x28c00000, 0x32c00000)
   the space 10944K,   5% used [0x28150000, 0x281de868, 0x281dea00, 0x28c00000)
 compacting perm gen  total 12288K, used 2007K [0x32c00000, 0x33800000, 0x36c00000)
   the space 12288K,  16% used [0x32c00000, 0x32df5fb8, 0x32df6000, 0x33800000)
    ro space 10240K,  42% used [0x36c00000, 0x37034778, 0x37034800, 0x37600000)
    rw space 12288K,  52% used [0x37600000, 0x37c49a68, 0x37c49c00, 0x38200000)
Event: 0.950 GC heap after
Heap after GC invocations=2 (full 0):
 def new generation   total 4928K, used 512K [0x22c00000, 0x23150000, 0x28150000)
  eden space 4416K,   0% used [0x22c00000, 0x22c00000, 0x23050000)
  from space 512K, 100% used [0x23050000, 0x230d0000, 0x230d0000)
  to   space 512K,   0% used [0x230d0000, 0x230d0000, 0x23150000)
 tenured generation   total 10944K, used 1698K [0x28150000, 0x28c00000, 0x32c00000)
   the space 10944K,  15% used [0x28150000, 0x282f8a38, 0x282f8c00, 0x28c00000)
 compacting perm gen  total 12288K, used 2007K [0x32c00000, 0x33800000, 0x36c00000)
   the space 12288K,  16% used [0x32c00000, 0x32df5fb8, 0x32df6000, 0x33800000)
    ro space 10240K,  42% used [0x36c00000, 0x37034778, 0x37034800, 0x37600000)
    rw space 12288K,  52% used [0x37600000, 0x37c49a68, 0x37c49c00, 0x38200000)
}
Event: 13.164 GC heap before
{Heap before GC invocations=2 (full 0):
 def new generation   total 4928K, used 4928K [0x22c00000, 0x23150000, 0x28150000)
  eden space 4416K, 100% used [0x22c00000, 0x23050000, 0x23050000)
  from space 512K, 100% used [0x23050000, 0x230d0000, 0x230d0000)
  to   space 512K,   0% used [0x230d0000, 0x230d0000, 0x23150000)
 tenured generation   total 10944K, used 1698K [0x28150000, 0x28c00000, 0x32c00000)
   the space 10944K,  15% used [0x28150000, 0x282f8a38, 0x282f8c00, 0x28c00000)
 compacting perm gen  total 12288K, used 2133K [0x32c00000, 0x33800000, 0x36c00000)
   the space 12288K,  17% used [0x32c00000, 0x32e15628, 0x32e15800, 0x33800000)
    ro space 10240K,  42% used [0x36c00000, 0x37034778, 0x37034800, 0x37600000)
    rw space 12288K,  52% used [0x37600000, 0x37c49a68, 0x37c49c00, 0x38200000)
Event: 13.168 GC heap after
Heap after GC invocations=3 (full 0):
 def new generation   total 4928K, used 418K [0x22c00000, 0x23150000, 0x28150000)
  eden space 4416K,   0% used [0x22c00000, 0x22c00000, 0x23050000)
  from space 512K,  81% used [0x230d0000, 0x23138af0, 0x23150000)
  to   space 512K,   0% used [0x23050000, 0x23050000, 0x230d0000)
 tenured generation   total 10944K, used 2167K [0x28150000, 0x28c00000, 0x32c00000)
   the space 10944K,  19% used [0x28150000, 0x2836df08, 0x2836e000, 0x28c00000)
 compacting perm gen  total 12288K, used 2133K [0x32c00000, 0x33800000, 0x36c00000)
   the space 12288K,  17% used [0x32c00000, 0x32e15628, 0x32e15800, 0x33800000)
    ro space 10240K,  42% used [0x36c00000, 0x37034778, 0x37034800, 0x37600000)
    rw space 12288K,  52% used [0x37600000, 0x37c49a68, 0x37c49c00, 0x38200000)
}

