# JRE version: Java(TM) SE Runtime Environment (7.0_60-b19) (build 1.7.0_60-b19)
# Java VM: Java HotSpot(TM) Client VM (24.60-b09 mixed mode, sharing windows-x86 )
Heap
 def new generation   total 4928K, used 3810K [0x22c00000, 0x23150000, 0x28150000)
  eden space 4416K,  74% used [0x22c00000, 0x22f38b70, 0x23050000)
  from space 512K, 100% used [0x23050000, 0x230d0000, 0x230d0000)
  to   space 512K,   0% used [0x230d0000, 0x230d0000, 0x23150000)
 tenured generation   total 10944K, used 1740K [0x28150000, 0x28c00000, 0x32c00000)
   the space 10944K,  15% used [0x28150000, 0x28303380, 0x28303400, 0x28c00000)
 compacting perm gen  total 12288K, used 2134K [0x32c00000, 0x33800000, 0x36c00000)
   the space 12288K,  17% used [0x32c00000, 0x32e159d8, 0x32e15a00, 0x33800000)
    ro space 10240K,  42% used [0x36c00000, 0x37034778, 0x37034800, 0x37600000)
    rw space 12288K,  52% used [0x37600000, 0x37c49a68, 0x37c49c00, 0x38200000)
GC Heap History (4 events):
Event: 0.587 GC heap before
{Heap before GC invocations=0 (full 0):
 def new generation   total 4928K, used 4251K [0x22c00000, 0x23150000, 0x28150000)
  eden space 4416K,  96% used [0x22c00000, 0x23026c18, 0x23050000)
  from space 512K,   0% used [0x23050000, 0x23050000, 0x230d0000)
  to   space 512K,   0% used [0x230d0000, 0x230d0000, 0x23150000)
 tenured generation   total 10944K, used 0K [0x28150000, 0x28c00000, 0x32c00000)
   the space 10944K,   0% used [0x28150000, 0x28150000, 0x28150200, 0x28c00000)
 compacting perm gen  total 12288K, used 919K [0x32c00000, 0x33800000, 0x36c00000)
   the space 12288K,   7% used [0x32c00000, 0x32ce5db0, 0x32ce5e00, 0x33800000)
    ro space 10240K,  42% used [0x36c00000, 0x37034778, 0x37034800, 0x37600000)
    rw space 12288K,  52% used [0x37600000, 0x37c49a68, 0x37c49c00, 0x38200000)
Event: 0.592 GC heap after
Heap after GC invocations=1 (full 0):
 def new generation   total 4928K, used 512K [0x22c00000, 0x23150000, 0x28150000)
  eden space 4416K,   0% used [0x22c00000, 0x22c00000, 0x23050000)
  from space 512K, 100% used [0x230d0000, 0x23150000, 0x23150000)
  to   space 512K,   0% used [0x23050000, 0x23050000, 0x230d0000)
 tenured generation   total 10944K, used 666K [0x28150000, 0x28c00000, 0x32c00000)
   the space 10944K,   6% used [0x28150000, 0x281f69c0, 0x281f6a00, 0x28c00000)
 compacting perm gen  total 12288K, used 919K [0x32c00000, 0x33800000, 0x36c00000)
   the space 12288K,   7% used [0x32c00000, 0x32ce5db0, 0x32ce5e00, 0x33800000)
    ro space 10240K,  42% used [0x36c00000, 0x37034778, 0x37034800, 0x37600000)
    rw space 12288K,  52% used [0x37600000, 0x37c49a68, 0x37c49c00, 0x38200000)
}
Event: 0.871 GC heap before
{Heap before GC invocations=1 (full 0):
 def new generation   total 4928K, used 4928K [0x22c00000, 0x23150000, 0x28150000)
  eden space 4416K, 100% used [0x22c00000, 0x23050000, 0x23050000)
  from space 512K, 100% used [0x230d0000, 0x23150000, 0x23150000)
  to   space 512K,   0% used [0x23050000, 0x23050000, 0x230d0000)
 tenured generation   total 10944K, used 666K [0x28150000, 0x28c00000, 0x32c00000)
   the space 10944K,   6% used [0x28150000, 0x281f69c0, 0x281f6a00, 0x28c00000)
 compacting perm gen  total 12288K, used 1982K [0x32c00000, 0x33800000, 0x36c00000)
   the space 12288K,  16% used [0x32c00000, 0x32defa20, 0x32defc00, 0x33800000)
    ro space 10240K,  42% used [0x36c00000, 0x37034778, 0x37034800, 0x37600000)
    rw space 12288K,  52% used [0x37600000, 0x37c49a68, 0x37c49c00, 0x38200000)
Event: 0.877 GC heap after
Heap after GC invocations=2 (full 0):
 def new generation   total 4928K, used 512K [0x22c00000, 0x23150000, 0x28150000)
  eden space 4416K,   0% used [0x22c00000, 0x22c00000, 0x23050000)
  from space 512K, 100% used [0x23050000, 0x230d0000, 0x230d0000)
  to   space 512K,   0% used [0x230d0000, 0x230d0000, 0x23150000)
 tenured generation   total 10944K, used 1740K [0x28150000, 0x28c00000, 0x32c00000)
   the space 10944K,  15% used [0x28150000, 0x28303380, 0x28303400, 0x28c00000)
 compacting perm gen  total 12288K, used 1982K [0x32c00000, 0x33800000, 0x36c00000)
   the space 12288K,  16% used [0x32c00000, 0x32defa20, 0x32defc00, 0x33800000)
    ro space 10240K,  42% used [0x36c00000, 0x37034778, 0x37034800, 0x37600000)
    rw space 12288K,  52% used [0x37600000, 0x37c49a68, 0x37c49c00, 0x38200000)
}

